<?xml version="1.0" encoding="UTF-8"?>
<!-- Generated by org.testng.reporters.JUnitXMLReporter -->
<testsuite hostname="MAY39" ignored="0" name="Test" tests="3" failures="0" timestamp="2020-09-03T15:48:14 GMT+07:00" time="20.091" errors="0">
  <testcase name="invaildPassword" time="4.763" classname="com.qa.test.LoginTest"/>
  <testcase name="invaildUser" time="2.034" classname="com.qa.test.LoginTest"/>
  <testcase name="successLogin" time="3.318" classname="com.qa.test.LoginTest"/>
</testsuite> <!-- Test -->
